<?xml version="1.0" encoding="UTF-8"?>
<testsuite xmlns:xsi="http://www.w3.org/2001/XMLSchema-instance" xsi:noNamespaceSchemaLocation="https://maven.apache.org/surefire/maven-surefire-plugin/xsd/surefire-test-report-3.0.xsd" version="3.0" name="TestSuite" time="9.5" tests="1" errors="0" skipped="0" failures="0">
  <properties>
    <property name="sun.desktop" value="gnome"/>
    <property name="awt.toolkit" value="sun.awt.X11.XToolkit"/>
    <property name="java.specification.version" value="11"/>
    <property name="sun.cpu.isalist" value=""/>
    <property name="sun.jnu.encoding" value="UTF-8"/>
    <property name="java.class.path" value="/home/azamat/IdeaProjects/testing/target/test-classes:/home/azamat/IdeaProjects/testing/target/classes:/home/azamat/.m2/repository/org/testng/testng/7.7.1/testng-7.7.1.jar:/home/azamat/.m2/repository/org/slf4j/slf4j-api/1.7.36/slf4j-api-1.7.36.jar:/home/azamat/.m2/repository/com/beust/jcommander/1.82/jcommander-1.82.jar:/home/azamat/.m2/repository/org/webjars/jquery/3.6.1/jquery-3.6.1.jar:/home/azamat/.m2/repository/org/seleniumhq/selenium/selenium-java/4.8.0/selenium-java-4.8.0.jar:/home/azamat/.m2/repository/org/seleniumhq/selenium/selenium-api/4.8.0/selenium-api-4.8.0.jar:/home/azamat/.m2/repository/org/seleniumhq/selenium/selenium-chrome-driver/4.8.0/selenium-chrome-driver-4.8.0.jar:/home/azamat/.m2/repository/com/google/auto/service/auto-service-annotations/1.0.1/auto-service-annotations-1.0.1.jar:/home/azamat/.m2/repository/com/google/auto/service/auto-service/1.0.1/auto-service-1.0.1.jar:/home/azamat/.m2/repository/com/google/auto/auto-common/1.2/auto-common-1.2.jar:/home/azamat/.m2/repository/com/google/guava/guava/31.1-jre/guava-31.1-jre.jar:/home/azamat/.m2/repository/com/google/guava/failureaccess/1.0.1/failureaccess-1.0.1.jar:/home/azamat/.m2/repository/com/google/guava/listenablefuture/9999.0-empty-to-avoid-conflict-with-guava/listenablefuture-9999.0-empty-to-avoid-conflict-with-guava.jar:/home/azamat/.m2/repository/com/google/code/findbugs/jsr305/3.0.2/jsr305-3.0.2.jar:/home/azamat/.m2/repository/org/checkerframework/checker-qual/3.12.0/checker-qual-3.12.0.jar:/home/azamat/.m2/repository/com/google/errorprone/error_prone_annotations/2.11.0/error_prone_annotations-2.11.0.jar:/home/azamat/.m2/repository/com/google/j2objc/j2objc-annotations/1.3/j2objc-annotations-1.3.jar:/home/azamat/.m2/repository/org/seleniumhq/selenium/selenium-chromium-driver/4.8.0/selenium-chromium-driver-4.8.0.jar:/home/azamat/.m2/repository/org/seleniumhq/selenium/selenium-json/4.8.0/selenium-json-4.8.0.jar:/home/azamat/.m2/repository/org/seleniumhq/selenium/selenium-devtools-v107/4.8.0/selenium-devtools-v107-4.8.0.jar:/home/azamat/.m2/repository/org/seleniumhq/selenium/selenium-devtools-v108/4.8.0/selenium-devtools-v108-4.8.0.jar:/home/azamat/.m2/repository/org/seleniumhq/selenium/selenium-devtools-v109/4.8.0/selenium-devtools-v109-4.8.0.jar:/home/azamat/.m2/repository/org/seleniumhq/selenium/selenium-devtools-v85/4.8.0/selenium-devtools-v85-4.8.0.jar:/home/azamat/.m2/repository/org/seleniumhq/selenium/selenium-edge-driver/4.8.0/selenium-edge-driver-4.8.0.jar:/home/azamat/.m2/repository/org/seleniumhq/selenium/selenium-firefox-driver/4.8.0/selenium-firefox-driver-4.8.0.jar:/home/azamat/.m2/repository/org/seleniumhq/selenium/selenium-http/4.8.0/selenium-http-4.8.0.jar:/home/azamat/.m2/repository/dev/failsafe/failsafe/3.3.0/failsafe-3.3.0.jar:/home/azamat/.m2/repository/org/seleniumhq/selenium/selenium-ie-driver/4.8.0/selenium-ie-driver-4.8.0.jar:/home/azamat/.m2/repository/org/seleniumhq/selenium/selenium-remote-driver/4.8.0/selenium-remote-driver-4.8.0.jar:/home/azamat/.m2/repository/io/netty/netty-buffer/4.1.87.Final/netty-buffer-4.1.87.Final.jar:/home/azamat/.m2/repository/io/netty/netty-codec-http/4.1.87.Final/netty-codec-http-4.1.87.Final.jar:/home/azamat/.m2/repository/io/netty/netty-codec/4.1.87.Final/netty-codec-4.1.87.Final.jar:/home/azamat/.m2/repository/io/netty/netty-handler/4.1.87.Final/netty-handler-4.1.87.Final.jar:/home/azamat/.m2/repository/io/netty/netty-common/4.1.87.Final/netty-common-4.1.87.Final.jar:/home/azamat/.m2/repository/io/netty/netty-transport-classes-epoll/4.1.87.Final/netty-transport-classes-epoll-4.1.87.Final.jar:/home/azamat/.m2/repository/io/netty/netty-transport-classes-kqueue/4.1.87.Final/netty-transport-classes-kqueue-4.1.87.Final.jar:/home/azamat/.m2/repository/io/netty/netty-transport-native-epoll/4.1.87.Final/netty-transport-native-epoll-4.1.87.Final.jar:/home/azamat/.m2/repository/io/netty/netty-transport-native-kqueue/4.1.87.Final/netty-transport-native-kqueue-4.1.87.Final.jar:/home/azamat/.m2/repository/io/netty/netty-transport-native-unix-common/4.1.87.Final/netty-transport-native-unix-common-4.1.87.Final.jar:/home/azamat/.m2/repository/io/netty/netty-transport/4.1.87.Final/netty-transport-4.1.87.Final.jar:/home/azamat/.m2/repository/io/netty/netty-resolver/4.1.87.Final/netty-resolver-4.1.87.Final.jar:/home/azamat/.m2/repository/io/opentelemetry/opentelemetry-api/1.22.0/opentelemetry-api-1.22.0.jar:/home/azamat/.m2/repository/io/opentelemetry/opentelemetry-context/1.22.0/opentelemetry-context-1.22.0.jar:/home/azamat/.m2/repository/io/opentelemetry/opentelemetry-exporter-logging/1.22.0/opentelemetry-exporter-logging-1.22.0.jar:/home/azamat/.m2/repository/io/opentelemetry/opentelemetry-sdk-metrics/1.22.0/opentelemetry-sdk-metrics-1.22.0.jar:/home/azamat/.m2/repository/io/opentelemetry/opentelemetry-sdk-logs/1.22.0-alpha/opentelemetry-sdk-logs-1.22.0-alpha.jar:/home/azamat/.m2/repository/io/opentelemetry/opentelemetry-api-logs/1.22.0-alpha/opentelemetry-api-logs-1.22.0-alpha.jar:/home/azamat/.m2/repository/io/opentelemetry/opentelemetry-sdk-common/1.22.0/opentelemetry-sdk-common-1.22.0.jar:/home/azamat/.m2/repository/io/opentelemetry/opentelemetry-sdk-extension-autoconfigure-spi/1.22.0/opentelemetry-sdk-extension-autoconfigure-spi-1.22.0.jar:/home/azamat/.m2/repository/io/opentelemetry/opentelemetry-sdk-extension-autoconfigure/1.22.0-alpha/opentelemetry-sdk-extension-autoconfigure-1.22.0-alpha.jar:/home/azamat/.m2/repository/io/opentelemetry/opentelemetry-sdk-trace/1.22.0/opentelemetry-sdk-trace-1.22.0.jar:/home/azamat/.m2/repository/io/opentelemetry/opentelemetry-sdk/1.22.0/opentelemetry-sdk-1.22.0.jar:/home/azamat/.m2/repository/io/opentelemetry/opentelemetry-semconv/1.22.0-alpha/opentelemetry-semconv-1.22.0-alpha.jar:/home/azamat/.m2/repository/io/ous/jtoml/2.0.0/jtoml-2.0.0.jar:/home/azamat/.m2/repository/net/bytebuddy/byte-buddy/1.12.22/byte-buddy-1.12.22.jar:/home/azamat/.m2/repository/org/apache/commons/commons-exec/1.3/commons-exec-1.3.jar:/home/azamat/.m2/repository/org/asynchttpclient/async-http-client/2.12.3/async-http-client-2.12.3.jar:/home/azamat/.m2/repository/org/asynchttpclient/async-http-client-netty-utils/2.12.3/async-http-client-netty-utils-2.12.3.jar:/home/azamat/.m2/repository/io/netty/netty-codec-socks/4.1.60.Final/netty-codec-socks-4.1.60.Final.jar:/home/azamat/.m2/repository/io/netty/netty-handler-proxy/4.1.60.Final/netty-handler-proxy-4.1.60.Final.jar:/home/azamat/.m2/repository/io/netty/netty-transport-native-epoll/4.1.60.Final/netty-transport-native-epoll-4.1.60.Final-linux-x86_64.jar:/home/azamat/.m2/repository/io/netty/netty-transport-native-kqueue/4.1.60.Final/netty-transport-native-kqueue-4.1.60.Final-osx-x86_64.jar:/home/azamat/.m2/repository/org/reactivestreams/reactive-streams/1.0.3/reactive-streams-1.0.3.jar:/home/azamat/.m2/repository/com/typesafe/netty/netty-reactive-streams/2.0.4/netty-reactive-streams-2.0.4.jar:/home/azamat/.m2/repository/com/sun/activation/jakarta.activation/1.2.2/jakarta.activation-1.2.2.jar:/home/azamat/.m2/repository/org/seleniumhq/selenium/selenium-manager/4.8.0/selenium-manager-4.8.0.jar:/home/azamat/.m2/repository/org/seleniumhq/selenium/selenium-safari-driver/4.8.0/selenium-safari-driver-4.8.0.jar:/home/azamat/.m2/repository/org/seleniumhq/selenium/selenium-support/4.8.0/selenium-support-4.8.0.jar:"/>
    <property name="java.vm.vendor" value="Ubuntu"/>
    <property name="sun.arch.data.model" value="64"/>
    <property name="java.vendor.url" value="https://ubuntu.com/"/>
    <property name="user.timezone" value="Asia/Almaty"/>
    <property name="java.vm.specification.version" value="11"/>
    <property name="os.name" value="Linux"/>
    <property name="sun.java.launcher" value="SUN_STANDARD"/>
    <property name="user.country" value="US"/>
    <property name="sun.boot.library.path" value="/usr/lib/jvm/java-11-openjdk-amd64/lib"/>
    <property name="sun.java.command" value="/home/azamat/IdeaProjects/testing/target/surefire/surefirebooter-20230421145837120_3.jar /home/azamat/IdeaProjects/testing/target/surefire 2023-04-21T14-58-33_333-jvmRun1 surefire-20230421145837120_1tmp surefire_0-20230421145837120_2tmp"/>
    <property name="jdk.debug" value="release"/>
    <property name="surefire.test.class.path" value="/home/azamat/IdeaProjects/testing/target/test-classes:/home/azamat/IdeaProjects/testing/target/classes:/home/azamat/.m2/repository/org/testng/testng/7.7.1/testng-7.7.1.jar:/home/azamat/.m2/repository/org/slf4j/slf4j-api/1.7.36/slf4j-api-1.7.36.jar:/home/azamat/.m2/repository/com/beust/jcommander/1.82/jcommander-1.82.jar:/home/azamat/.m2/repository/org/webjars/jquery/3.6.1/jquery-3.6.1.jar:/home/azamat/.m2/repository/org/seleniumhq/selenium/selenium-java/4.8.0/selenium-java-4.8.0.jar:/home/azamat/.m2/repository/org/seleniumhq/selenium/selenium-api/4.8.0/selenium-api-4.8.0.jar:/home/azamat/.m2/repository/org/seleniumhq/selenium/selenium-chrome-driver/4.8.0/selenium-chrome-driver-4.8.0.jar:/home/azamat/.m2/repository/com/google/auto/service/auto-service-annotations/1.0.1/auto-service-annotations-1.0.1.jar:/home/azamat/.m2/repository/com/google/auto/service/auto-service/1.0.1/auto-service-1.0.1.jar:/home/azamat/.m2/repository/com/google/auto/auto-common/1.2/auto-common-1.2.jar:/home/azamat/.m2/repository/com/google/guava/guava/31.1-jre/guava-31.1-jre.jar:/home/azamat/.m2/repository/com/google/guava/failureaccess/1.0.1/failureaccess-1.0.1.jar:/home/azamat/.m2/repository/com/google/guava/listenablefuture/9999.0-empty-to-avoid-conflict-with-guava/listenablefuture-9999.0-empty-to-avoid-conflict-with-guava.jar:/home/azamat/.m2/repository/com/google/code/findbugs/jsr305/3.0.2/jsr305-3.0.2.jar:/home/azamat/.m2/repository/org/checkerframework/checker-qual/3.12.0/checker-qual-3.12.0.jar:/home/azamat/.m2/repository/com/google/errorprone/error_prone_annotations/2.11.0/error_prone_annotations-2.11.0.jar:/home/azamat/.m2/repository/com/google/j2objc/j2objc-annotations/1.3/j2objc-annotations-1.3.jar:/home/azamat/.m2/repository/org/seleniumhq/selenium/selenium-chromium-driver/4.8.0/selenium-chromium-driver-4.8.0.jar:/home/azamat/.m2/repository/org/seleniumhq/selenium/selenium-json/4.8.0/selenium-json-4.8.0.jar:/home/azamat/.m2/repository/org/seleniumhq/selenium/selenium-devtools-v107/4.8.0/selenium-devtools-v107-4.8.0.jar:/home/azamat/.m2/repository/org/seleniumhq/selenium/selenium-devtools-v108/4.8.0/selenium-devtools-v108-4.8.0.jar:/home/azamat/.m2/repository/org/seleniumhq/selenium/selenium-devtools-v109/4.8.0/selenium-devtools-v109-4.8.0.jar:/home/azamat/.m2/repository/org/seleniumhq/selenium/selenium-devtools-v85/4.8.0/selenium-devtools-v85-4.8.0.jar:/home/azamat/.m2/repository/org/seleniumhq/selenium/selenium-edge-driver/4.8.0/selenium-edge-driver-4.8.0.jar:/home/azamat/.m2/repository/org/seleniumhq/selenium/selenium-firefox-driver/4.8.0/selenium-firefox-driver-4.8.0.jar:/home/azamat/.m2/repository/org/seleniumhq/selenium/selenium-http/4.8.0/selenium-http-4.8.0.jar:/home/azamat/.m2/repository/dev/failsafe/failsafe/3.3.0/failsafe-3.3.0.jar:/home/azamat/.m2/repository/org/seleniumhq/selenium/selenium-ie-driver/4.8.0/selenium-ie-driver-4.8.0.jar:/home/azamat/.m2/repository/org/seleniumhq/selenium/selenium-remote-driver/4.8.0/selenium-remote-driver-4.8.0.jar:/home/azamat/.m2/repository/io/netty/netty-buffer/4.1.87.Final/netty-buffer-4.1.87.Final.jar:/home/azamat/.m2/repository/io/netty/netty-codec-http/4.1.87.Final/netty-codec-http-4.1.87.Final.jar:/home/azamat/.m2/repository/io/netty/netty-codec/4.1.87.Final/netty-codec-4.1.87.Final.jar:/home/azamat/.m2/repository/io/netty/netty-handler/4.1.87.Final/netty-handler-4.1.87.Final.jar:/home/azamat/.m2/repository/io/netty/netty-common/4.1.87.Final/netty-common-4.1.87.Final.jar:/home/azamat/.m2/repository/io/netty/netty-transport-classes-epoll/4.1.87.Final/netty-transport-classes-epoll-4.1.87.Final.jar:/home/azamat/.m2/repository/io/netty/netty-transport-classes-kqueue/4.1.87.Final/netty-transport-classes-kqueue-4.1.87.Final.jar:/home/azamat/.m2/repository/io/netty/netty-transport-native-epoll/4.1.87.Final/netty-transport-native-epoll-4.1.87.Final.jar:/home/azamat/.m2/repository/io/netty/netty-transport-native-kqueue/4.1.87.Final/netty-transport-native-kqueue-4.1.87.Final.jar:/home/azamat/.m2/repository/io/netty/netty-transport-native-unix-common/4.1.87.Final/netty-transport-native-unix-common-4.1.87.Final.jar:/home/azamat/.m2/repository/io/netty/netty-transport/4.1.87.Final/netty-transport-4.1.87.Final.jar:/home/azamat/.m2/repository/io/netty/netty-resolver/4.1.87.Final/netty-resolver-4.1.87.Final.jar:/home/azamat/.m2/repository/io/opentelemetry/opentelemetry-api/1.22.0/opentelemetry-api-1.22.0.jar:/home/azamat/.m2/repository/io/opentelemetry/opentelemetry-context/1.22.0/opentelemetry-context-1.22.0.jar:/home/azamat/.m2/repository/io/opentelemetry/opentelemetry-exporter-logging/1.22.0/opentelemetry-exporter-logging-1.22.0.jar:/home/azamat/.m2/repository/io/opentelemetry/opentelemetry-sdk-metrics/1.22.0/opentelemetry-sdk-metrics-1.22.0.jar:/home/azamat/.m2/repository/io/opentelemetry/opentelemetry-sdk-logs/1.22.0-alpha/opentelemetry-sdk-logs-1.22.0-alpha.jar:/home/azamat/.m2/repository/io/opentelemetry/opentelemetry-api-logs/1.22.0-alpha/opentelemetry-api-logs-1.22.0-alpha.jar:/home/azamat/.m2/repository/io/opentelemetry/opentelemetry-sdk-common/1.22.0/opentelemetry-sdk-common-1.22.0.jar:/home/azamat/.m2/repository/io/opentelemetry/opentelemetry-sdk-extension-autoconfigure-spi/1.22.0/opentelemetry-sdk-extension-autoconfigure-spi-1.22.0.jar:/home/azamat/.m2/repository/io/opentelemetry/opentelemetry-sdk-extension-autoconfigure/1.22.0-alpha/opentelemetry-sdk-extension-autoconfigure-1.22.0-alpha.jar:/home/azamat/.m2/repository/io/opentelemetry/opentelemetry-sdk-trace/1.22.0/opentelemetry-sdk-trace-1.22.0.jar:/home/azamat/.m2/repository/io/opentelemetry/opentelemetry-sdk/1.22.0/opentelemetry-sdk-1.22.0.jar:/home/azamat/.m2/repository/io/opentelemetry/opentelemetry-semconv/1.22.0-alpha/opentelemetry-semconv-1.22.0-alpha.jar:/home/azamat/.m2/repository/io/ous/jtoml/2.0.0/jtoml-2.0.0.jar:/home/azamat/.m2/repository/net/bytebuddy/byte-buddy/1.12.22/byte-buddy-1.12.22.jar:/home/azamat/.m2/repository/org/apache/commons/commons-exec/1.3/commons-exec-1.3.jar:/home/azamat/.m2/repository/org/asynchttpclient/async-http-client/2.12.3/async-http-client-2.12.3.jar:/home/azamat/.m2/repository/org/asynchttpclient/async-http-client-netty-utils/2.12.3/async-http-client-netty-utils-2.12.3.jar:/home/azamat/.m2/repository/io/netty/netty-codec-socks/4.1.60.Final/netty-codec-socks-4.1.60.Final.jar:/home/azamat/.m2/repository/io/netty/netty-handler-proxy/4.1.60.Final/netty-handler-proxy-4.1.60.Final.jar:/home/azamat/.m2/repository/io/netty/netty-transport-native-epoll/4.1.60.Final/netty-transport-native-epoll-4.1.60.Final-linux-x86_64.jar:/home/azamat/.m2/repository/io/netty/netty-transport-native-kqueue/4.1.60.Final/netty-transport-native-kqueue-4.1.60.Final-osx-x86_64.jar:/home/azamat/.m2/repository/org/reactivestreams/reactive-streams/1.0.3/reactive-streams-1.0.3.jar:/home/azamat/.m2/repository/com/typesafe/netty/netty-reactive-streams/2.0.4/netty-reactive-streams-2.0.4.jar:/home/azamat/.m2/repository/com/sun/activation/jakarta.activation/1.2.2/jakarta.activation-1.2.2.jar:/home/azamat/.m2/repository/org/seleniumhq/selenium/selenium-manager/4.8.0/selenium-manager-4.8.0.jar:/home/azamat/.m2/repository/org/seleniumhq/selenium/selenium-safari-driver/4.8.0/selenium-safari-driver-4.8.0.jar:/home/azamat/.m2/repository/org/seleniumhq/selenium/selenium-support/4.8.0/selenium-support-4.8.0.jar:"/>
    <property name="sun.cpu.endian" value="little"/>
    <property name="user.home" value="/home/azamat"/>
    <property name="user.language" value="en"/>
    <property name="java.specification.vendor" value="Oracle Corporation"/>
    <property name="java.version.date" value="2023-01-17"/>
    <property name="java.home" value="/usr/lib/jvm/java-11-openjdk-amd64"/>
    <property name="file.separator" value="/"/>
    <property name="basedir" value="/home/azamat/IdeaProjects/testing"/>
    <property name="java.vm.compressedOopsMode" value="32-bit"/>
    <property name="line.separator" value="&#10;"/>
    <property name="java.specification.name" value="Java Platform API Specification"/>
    <property name="java.vm.specification.vendor" value="Oracle Corporation"/>
    <property name="java.awt.graphicsenv" value="sun.awt.X11GraphicsEnvironment"/>
    <property name="surefire.real.class.path" value="/home/azamat/IdeaProjects/testing/target/surefire/surefirebooter-20230421145837120_3.jar"/>
    <property name="sun.management.compiler" value="HotSpot 64-Bit Tiered Compilers"/>
    <property name="java.runtime.version" value="11.0.18+10-post-Ubuntu-0ubuntu120.04.1"/>
    <property name="user.name" value="azamat"/>
    <property name="path.separator" value=":"/>
    <property name="os.version" value="5.15.0-69-generic"/>
    <property name="java.runtime.name" value="OpenJDK Runtime Environment"/>
    <property name="file.encoding" value="UTF-8"/>
    <property name="java.vm.name" value="OpenJDK 64-Bit Server VM"/>
    <property name="localRepository" value="/home/azamat/.m2/repository"/>
    <property name="java.vendor.url.bug" value="https://bugs.launchpad.net/ubuntu/+source/openjdk-lts"/>
    <property name="java.io.tmpdir" value="/tmp"/>
    <property name="java.version" value="11.0.18"/>
    <property name="user.dir" value="/home/azamat/IdeaProjects/testing"/>
    <property name="os.arch" value="amd64"/>
    <property name="java.vm.specification.name" value="Java Virtual Machine Specification"/>
    <property name="java.awt.printerjob" value="sun.print.PSPrinterJob"/>
    <property name="sun.os.patch.level" value="unknown"/>
    <property name="java.library.path" value="/usr/java/packages/lib:/usr/lib/x86_64-linux-gnu/jni:/lib/x86_64-linux-gnu:/usr/lib/x86_64-linux-gnu:/usr/lib/jni:/lib:/usr/lib"/>
    <property name="java.vm.info" value="mixed mode, sharing"/>
    <property name="java.vendor" value="Ubuntu"/>
    <property name="java.vm.version" value="11.0.18+10-post-Ubuntu-0ubuntu120.04.1"/>
    <property name="sun.io.unicode.encoding" value="UnicodeLittle"/>
    <property name="java.class.version" value="55.0"/>
  </properties>
  <testcase name="test[Chrome](1)" classname="Test.CrossBrowserTest" time="8.959">
    <system-err><![CDATA[SLF4J: Failed to load class "org.slf4j.impl.StaticLoggerBinder".
SLF4J: Defaulting to no-operation (NOP) logger implementation
SLF4J: See http://www.slf4j.org/codes.html#StaticLoggerBinder for further details.
Starting ChromeDriver 110.0.5481.77 (65ed616c6e8ee3fe0ad64fe83796c020644d42af-refs/branch-heads/5481@{#839}) on port 13969
Only local connections are allowed.
Please see https://chromedriver.chromium.org/security-considerations for suggestions on keeping ChromeDriver safe.
ChromeDriver was started successfully.
[1682067518.905][WARNING]: virtual void DevToolsClientImpl::AddListener(DevToolsEventListener *) subscribing a listener to the already connected DevToolsClient. Connection notification will not arrive.
Apr 21, 2023 2:58:39 PM org.openqa.selenium.devtools.CdpVersionFinder findNearestMatch
WARNING: Unable to find an exact match for CDP version 110, so returning the closest version found: 109
]]></system-err>
  </testcase>
</testsuite>