<?xml version="1.0" encoding="UTF-8"?>
<!-- Generated by org.testng.reporters.JUnitReportReporter -->
<testsuite hostname="azamat" failures="0" tests="1" name="Test.CrossBrowserTest" time="8.946" errors="0" timestamp="2023-04-21T14:58:46 ALMT" skipped="0">
  <testcase classname="Test.CrossBrowserTest" name="test" time="8.946"/>
  <system-out/>
</testsuite> <!-- Test.CrossBrowserTest -->
